mode: atomic
github.com/bozd4g/go_http_client/client.go:39.38,41.2 1 16
github.com/bozd4g/go_http_client/client.go:44.65,46.16 2 2
github.com/bozd4g/go_http_client/client.go:50.2,50.105 1 2
github.com/bozd4g/go_http_client/client.go:46.16,48.3 1 0
github.com/bozd4g/go_http_client/client.go:54.89,56.16 2 2
github.com/bozd4g/go_http_client/client.go:60.2,61.16 2 2
github.com/bozd4g/go_http_client/client.go:65.2,65.130 1 2
github.com/bozd4g/go_http_client/client.go:56.16,58.3 1 0
github.com/bozd4g/go_http_client/client.go:61.16,63.3 1 0
github.com/bozd4g/go_http_client/client.go:69.66,71.16 2 2
github.com/bozd4g/go_http_client/client.go:75.2,75.84 1 2
github.com/bozd4g/go_http_client/client.go:71.16,73.3 1 0
github.com/bozd4g/go_http_client/client.go:79.90,81.16 2 3
github.com/bozd4g/go_http_client/client.go:85.2,85.84 1 3
github.com/bozd4g/go_http_client/client.go:81.16,83.3 1 0
github.com/bozd4g/go_http_client/client.go:89.65,91.16 2 2
github.com/bozd4g/go_http_client/client.go:95.2,95.83 1 2
github.com/bozd4g/go_http_client/client.go:91.16,93.3 1 0
github.com/bozd4g/go_http_client/client.go:99.89,101.16 2 1
github.com/bozd4g/go_http_client/client.go:105.2,105.83 1 1
github.com/bozd4g/go_http_client/client.go:101.16,103.3 1 0
github.com/bozd4g/go_http_client/client.go:109.68,111.16 2 2
github.com/bozd4g/go_http_client/client.go:115.2,115.86 1 2
github.com/bozd4g/go_http_client/client.go:111.16,113.3 1 0
github.com/bozd4g/go_http_client/client.go:119.92,121.16 2 2
github.com/bozd4g/go_http_client/client.go:125.2,125.86 1 2
github.com/bozd4g/go_http_client/client.go:121.16,123.3 1 0
github.com/bozd4g/go_http_client/client.go:129.63,133.16 3 16
github.com/bozd4g/go_http_client/client.go:140.2,143.16 3 16
github.com/bozd4g/go_http_client/client.go:150.2,155.3 1 16
github.com/bozd4g/go_http_client/client.go:133.16,138.3 1 0
github.com/bozd4g/go_http_client/client.go:143.16,148.3 1 0
